Date	Action	AssemblyFileName	AssemblyTitle	AssemblyDescription	AssemblyVersion	FileDateLocal	FileDateUTC	FileSize
05/21/2014 17:01:38	Post-Build - Record Assembly Info	C:\Documents and Settings\DAG\My Documents\Visual Studio 2010\Projects\WizardWrx_Libs\BitMath\BitMath\bin\Debug\WizardWrx.BitMath.dll	BitMath for .NET 2.0 and Above	BitMath	1.0.1.28848	05/21/2014 17:01:37	05/21/2014 22:01:37	10752
05/21/2014 17:32:13	Post-Build - Record Assembly Info	C:\Documents and Settings\DAG\My Documents\Visual Studio 2010\Projects\WizardWrx_Libs\BitMath\BitMath\bin\Debug\WizardWrx.BitMath.dll	BitMath for .NET 2.0 and Above	BitMath	1.0.2.29766	05/21/2014 17:32:13	05/21/2014 22:32:13	10752
05/21/2014 17:55:35	Post-Build - Record Assembly Info	C:\Documents and Settings\DAG\My Documents\Visual Studio 2010\Projects\WizardWrx_Libs\BitMath\BitMath\bin\Debug\WizardWrx.BitMath.dll	BitMath for .NET 2.0 and Above	BitMath	1.0.3.30467	05/21/2014 17:55:35	05/21/2014 22:55:35	10752
05/21/2014 18:13:49	Post-Build - Record Assembly Info	C:\Documents and Settings\DAG\My Documents\Visual Studio 2010\Projects\WizardWrx_Libs\BitMath\BitMath\bin\Debug\WizardWrx.BitMath.dll	BitMath for .NET 2.0 and Above	BitMath	1.0.4.31014	05/21/2014 18:13:48	05/21/2014 23:13:48	10752
05/21/2014 18:16:00	Post-Build - Record Assembly Info	C:\Documents and Settings\DAG\My Documents\Visual Studio 2010\Projects\WizardWrx_Libs\BitMath\BitMath\bin\Debug\WizardWrx.BitMath.dll	BitMath for .NET 2.0 and Above	BitMath	1.0.5.31080	05/21/2014 18:16:00	05/21/2014 23:16:00	10752
05/21/2014 18:16:57	Post-Build - Record Assembly Info	C:\Documents and Settings\DAG\My Documents\Visual Studio 2010\Projects\WizardWrx_Libs\BitMath\BitMath\bin\Debug\WizardWrx.BitMath.dll	BitMath for .NET 2.0 and Above	BitMath	1.0.6.31108	05/21/2014 18:16:57	05/21/2014 23:16:57	10752
05/21/2014 18:37:53	Post-Build - Record Assembly Info	C:\Documents and Settings\DAG\My Documents\Visual Studio 2010\Projects\WizardWrx_Libs\BitMath\BitMath\bin\Debug\WizardWrx.BitMath.dll	BitMath for .NET 2.0 and Above	BitMath	1.0.7.31736	05/21/2014 18:37:53	05/21/2014 23:37:53	10752
05/21/2014 18:40:41	Post-Build - Record Assembly Info	C:\Documents and Settings\DAG\My Documents\Visual Studio 2010\Projects\WizardWrx_Libs\BitMath\BitMath\bin\Debug\WizardWrx.BitMath.dll	BitMath for .NET 2.0 and Above	BitMath	1.0.8.31820	05/21/2014 18:40:41	05/21/2014 23:40:41	10752
05/21/2014 18:47:31	Post-Build - Record Assembly Info	C:\Documents and Settings\DAG\My Documents\Visual Studio 2010\Projects\WizardWrx_Libs\BitMath\BitMath\bin\Debug\WizardWrx.BitMath.dll	BitMath for .NET 2.0 and Above	BitMath	1.0.9.32025	05/21/2014 18:47:30	05/21/2014 23:47:30	10752
05/21/2014 18:48:06	Post-Build - Record Assembly Info	C:\Documents and Settings\DAG\My Documents\Visual Studio 2010\Projects\WizardWrx_Libs\BitMath\BitMath\bin\Release\WizardWrx.BitMath.dll	BitMath for .NET 2.0 and Above	BitMath	1.0.10.32043	05/21/2014 18:48:06	05/21/2014 23:48:06	10240
05/22/2014 00:04:54	Post-Build - Record Assembly Info	C:\Documents and Settings\DAG\My Documents\Visual Studio 2010\Projects\WizardWrx_Libs\BitMath\BitMath\bin\Release\WizardWrx.BitMath.dll	BitMath for .NET 2.0 and Above	BitMath	1.0.11.41547	05/22/2014 00:04:54	05/22/2014 05:04:54	10240
05/22/2014 00:10:47	Post-Build - Record Assembly Info	C:\Documents and Settings\DAG\My Documents\Visual Studio 2010\Projects\WizardWrx_Libs\BitMath\BitMath\bin\Debug\WizardWrx.BitMath.dll	BitMath for .NET 2.0 and Above	BitMath	1.0.12.41723	05/22/2014 00:10:47	05/22/2014 05:10:47	10752
05/22/2014 00:11:55	Post-Build - Record Assembly Info	C:\Documents and Settings\DAG\My Documents\Visual Studio 2010\Projects\WizardWrx_Libs\BitMath\BitMath\bin\Debug\WizardWrx.BitMath.dll	BitMath for .NET 2.0 and Above	BitMath	1.0.13.41757	05/22/2014 00:11:55	05/22/2014 05:11:55	10752
05/22/2014 00:14:32	Post-Build - Record Assembly Info	C:\Documents and Settings\DAG\My Documents\Visual Studio 2010\Projects\WizardWrx_Libs\BitMath\BitMath\bin\Debug\WizardWrx.BitMath.dll	BitMath for .NET 2.0 and Above	BitMath	1.0.14.41835	05/22/2014 00:14:31	05/22/2014 05:14:31	10752
05/22/2014 00:15:46	Post-Build - Record Assembly Info	C:\Documents and Settings\DAG\My Documents\Visual Studio 2010\Projects\WizardWrx_Libs\BitMath\BitMath\bin\Debug\WizardWrx.BitMath.dll	BitMath for .NET 2.0 and Above	BitMath	1.0.15.41872	05/22/2014 00:15:45	05/22/2014 05:15:45	10752
05/22/2014 00:19:22	Post-Build - Record Assembly Info	C:\Documents and Settings\DAG\My Documents\Visual Studio 2010\Projects\WizardWrx_Libs\BitMath\BitMath\bin\Debug\WizardWrx.BitMath.dll	BitMath for .NET 2.0 and Above	BitMath	1.0.16.41980	05/22/2014 00:19:21	05/22/2014 05:19:21	10752
05/22/2014 01:27:01	Post-Build - Record Assembly Info	C:\Documents and Settings\DAG\My Documents\Visual Studio 2010\Projects\WizardWrx_Libs\BitMath\BitMath\bin\Debug\WizardWrx.BitMath.dll	BitMath for .NET 2.0 and Above	BitMath	1.0.17.810	05/22/2014 01:27:01	05/22/2014 06:27:01	10752
05/22/2014 01:34:19	Post-Build - Record Assembly Info	C:\Documents and Settings\DAG\My Documents\Visual Studio 2010\Projects\WizardWrx_Libs\BitMath\BitMath\bin\Debug\WizardWrx.BitMath.dll	BitMath for .NET 2.0 and Above	BitMath	1.0.18.1029	05/22/2014 01:34:18	05/22/2014 06:34:18	10752
05/22/2014 02:14:42	Post-Build - Record Assembly Info	C:\Documents and Settings\DAG\My Documents\Visual Studio 2010\Projects\WizardWrx_Libs\BitMath\BitMath\bin\Debug\WizardWrx.BitMath.dll	BitMath for .NET 2.0 and Above	BitMath	1.0.19.2240	05/22/2014 02:14:41	05/22/2014 07:14:41	10752
05/22/2014 02:19:02	Post-Build - Record Assembly Info	C:\Documents and Settings\DAG\My Documents\Visual Studio 2010\Projects\WizardWrx_Libs\BitMath\BitMath\bin\Debug\WizardWrx.BitMath.dll	BitMath for .NET 2.0 and Above	BitMath	1.0.20.2371	05/22/2014 02:19:02	05/22/2014 07:19:02	10752
05/22/2014 02:19:36	Post-Build - Record Assembly Info	C:\Documents and Settings\DAG\My Documents\Visual Studio 2010\Projects\WizardWrx_Libs\BitMath\BitMath\bin\Debug\WizardWrx.BitMath.dll	BitMath for .NET 2.0 and Above	BitMath	1.0.21.2387	05/22/2014 02:19:35	05/22/2014 07:19:35	10752
05/22/2014 02:54:47	Post-Build - Record Assembly Info	C:\Documents and Settings\DAG\My Documents\Visual Studio 2010\Projects\WizardWrx_Libs\BitMath\BitMath\bin\Debug\WizardWrx.BitMath.dll	BitMath for .NET 2.0 and Above	BitMath	1.0.22.3443	05/22/2014 02:54:46	05/22/2014 07:54:46	10752
05/22/2014 03:36:29	Post-Build - Record Assembly Info	C:\Documents and Settings\DAG\My Documents\Visual Studio 2010\Projects\WizardWrx_Libs\BitMath\BitMath\bin\Release\WizardWrx.BitMath.dll	BitMath for .NET 2.0 and Above	BitMath	1.0.23.4694	05/22/2014 03:36:29	05/22/2014 08:36:29	10240
05/22/2014 03:36:44	Post-Build - Record Assembly Info	C:\Documents and Settings\DAG\My Documents\Visual Studio 2010\Projects\WizardWrx_Libs\BitMath\BitMath\bin\Release\WizardWrx.BitMath.dll	BitMath for .NET 2.0 and Above	BitMath	1.0.24.4701	05/22/2014 03:36:43	05/22/2014 08:36:43	10240
05/22/2014 03:40:59	Post-Build - Record Assembly Info	C:\Documents and Settings\DAG\My Documents\Visual Studio 2010\Projects\WizardWrx_Libs\BitMath\BitMath\bin\Debug\WizardWrx.BitMath.dll	BitMath for .NET 2.0 and Above	BitMath	1.0.25.4829	05/22/2014 03:40:58	05/22/2014 08:40:58	10752
05/22/2014 03:43:19	Post-Build - Record Assembly Info	C:\Documents and Settings\DAG\My Documents\Visual Studio 2010\Projects\WizardWrx_Libs\BitMath\BitMath\bin\Debug\WizardWrx.BitMath.dll	BitMath for .NET 2.0 and Above	BitMath	1.0.26.4899	05/22/2014 03:43:19	05/22/2014 08:43:19	10752
05/22/2014 03:44:36	Post-Build - Record Assembly Info	C:\Documents and Settings\DAG\My Documents\Visual Studio 2010\Projects\WizardWrx_Libs\BitMath\BitMath\bin\Release\WizardWrx.BitMath.dll	BitMath for .NET 2.0 and Above	BitMath	1.0.27.4937	05/22/2014 03:44:35	05/22/2014 08:44:35	10240
05/22/2014 12:11:23	Post-Build - Record Assembly Info	C:\Documents and Settings\DAG\My Documents\Visual Studio 2010\Projects\WizardWrx_Libs\BitMath\BitMath\bin\Debug\WizardWrx.BitMath.dll	BitMath for .NET 2.0 and Above	BitMath	3.0.28.20141	05/22/2014 12:11:22	05/22/2014 17:11:22	10752
05/22/2014 13:00:31	Post-Build - Record Assembly Info	C:\Documents and Settings\DAG\My Documents\Visual Studio 2010\Projects\WizardWrx_Libs\BitMath\BitMath\bin\Debug\WizardWrx.BitMath.dll	BitMath for .NET 2.0 and Above	BitMath	3.0.29.21615	05/22/2014 13:00:30	05/22/2014 18:00:30	10752
05/22/2014 13:01:17	Post-Build - Record Assembly Info	C:\Documents and Settings\DAG\My Documents\Visual Studio 2010\Projects\WizardWrx_Libs\BitMath\BitMath\bin\Debug\WizardWrx.BitMath.dll	BitMath for .NET 2.0 and Above	BitMath	3.0.30.21638	05/22/2014 13:01:17	05/22/2014 18:01:17	10752
05/22/2014 13:09:20	Post-Build - Record Assembly Info	C:\Documents and Settings\DAG\My Documents\Visual Studio 2010\Projects\WizardWrx_Libs\BitMath\BitMath\bin\Release\WizardWrx.BitMath.dll	BitMath for .NET 2.0 and Above	BitMath	3.0.31.21879	05/22/2014 13:09:19	05/22/2014 18:09:19	10240
2016-04-25 15:52:52	Post-Build - Record Assembly Info	C:\Users\DAVE\Documents\Visual Studio 2013\Projects\WizardWrx_Libs\BitMath\BitMath\bin\Release\WizardWrx.BitMath.dll	BitMath for .NET 2.0 and Above	BitMath	3.0.32.26785	2016-04-25 15:52:51	2016-04-25 20:52:51	10240
2016-04-25 15:54:40	Post-Build - Record Assembly Info	C:\Users\DAVE\Documents\Visual Studio 2013\Projects\WizardWrx_Libs\BitMath\BitMath\bin\Debug\WizardWrx.BitMath.dll	BitMath for .NET 2.0 and Above	BitMath	3.0.33.26840	2016-04-25 15:54:40	2016-04-25 20:54:40	10752
2016-04-26 00:36:53	Post-Build - Record Assembly Info	C:\Users\DAVE\Documents\Visual Studio 2013\Projects\WizardWrx_Libs\BitMath\BitMath\bin\Debug\WizardWrx.BitMath.dll	BitMath for .NET 2.0 and Above	BitMath	4.0.39.42506	2016-04-26 00:36:53	2016-04-26 05:36:53	15872
2016-04-26 00:40:18	Post-Build - Record Assembly Info	C:\Users\DAVE\Documents\Visual Studio 2013\Projects\WizardWrx_Libs\BitMath\BitMath\bin\Debug\WizardWrx.BitMath.dll	BitMath for .NET 2.0 and Above	BitMath	4.0.40.42608	2016-04-26 00:40:17	2016-04-26 05:40:17	15872
2016-04-26 14:21:52	Post-Build - Record Assembly Info	C:\Users\DAVE\Documents\Visual Studio 2013\Projects\WizardWrx_Libs\BitMath\BitMath\bin\Debug\WizardWrx.BitMath.dll	BitMath for .NET 2.0 and Above	BitMath	4.0.41.24056	2016-04-26 14:21:52	2016-04-26 19:21:52	16896
2016-04-26 17:00:13	Post-Build - Record Assembly Info	C:\Users\DAVE\Documents\Visual Studio 2013\Projects\WizardWrx_Libs\BitMath\BitMath\bin\Debug\WizardWrx.BitMath.dll	BitMath for .NET 2.0 and Above	BitMath	4.0.42.28806	2016-04-26 17:00:12	2016-04-26 22:00:12	16896
2016-04-26 19:08:15	Post-Build - Record Assembly Info	C:\Users\DAVE\Documents\Visual Studio 2013\Projects\WizardWrx_Libs\BitMath\BitMath\bin\Debug\WizardWrx.BitMath.dll	BitMath for .NET 2.0 and Above	BitMath	4.0.43.32647	2016-04-26 19:08:14	2016-04-27 00:08:14	14336
2016-04-27 12:17:18	Post-Build - Record Assembly Info	C:\Users\DAVE\Documents\Visual Studio 2013\Projects\WizardWrx_Libs\BitMath\BitMath\bin\Debug\WizardWrx.BitMath.dll	BitMath for .NET 2.0 and Above	BitMath	4.0.44.20319	2016-04-27 12:17:18	2016-04-27 17:17:18	14336
2016-04-27 17:16:23	Post-Build - Record Assembly Info	C:\Users\DAVE\Documents\Visual Studio 2013\Projects\WizardWrx_Libs\BitMath\BitMath\bin\Debug\WizardWrx.BitMath.dll	BitMath for .NET 2.0 and Above	BitMath	4.0.45.29291	2016-04-27 17:16:23	2016-04-27 22:16:23	17920
2016-04-27 17:34:46	Post-Build - Record Assembly Info	C:\Users\DAVE\Documents\Visual Studio 2013\Projects\WizardWrx_Libs\BitMath\BitMath\bin\Debug\WizardWrx.BitMath.dll	BitMath for .NET 2.0 and Above	BitMath	4.0.46.29842	2016-04-27 17:34:45	2016-04-27 22:34:45	18432
2016-04-27 20:14:53	Post-Build - Record Assembly Info	C:\Users\DAVE\Documents\Visual Studio 2013\Projects\WizardWrx_Libs\BitMath\BitMath\bin\Debug\WizardWrx.BitMath.dll	BitMath for .NET 2.0 and Above	BitMath	4.0.49.34646	2016-04-27 20:14:53	2016-04-28 01:14:53	19456
2016-04-27 20:47:30	Post-Build - Record Assembly Info	C:\Users\DAVE\Documents\Visual Studio 2013\Projects\WizardWrx_Libs\BitMath\BitMath\bin\Debug\WizardWrx.BitMath.dll	BitMath for .NET 2.0 and Above	BitMath	4.0.50.35625	2016-04-27 20:47:30	2016-04-28 01:47:30	19968
2016-04-27 20:57:28	Post-Build - Record Assembly Info	C:\Users\DAVE\Documents\Visual Studio 2013\Projects\WizardWrx_Libs\BitMath\BitMath\bin\Debug\WizardWrx.BitMath.dll	BitMath for .NET 2.0 and Above	BitMath	4.0.51.35924	2016-04-27 20:57:28	2016-04-28 01:57:28	19968
2016-04-27 23:04:53	Post-Build - Record Assembly Info	C:\Users\DAVE\Documents\Visual Studio 2013\Projects\WizardWrx_Libs\BitMath\BitMath\bin\Debug\WizardWrx.BitMath.dll	BitMath for .NET 2.0 and Above	BitMath	4.0.52.39746	2016-04-27 23:04:53	2016-04-28 04:04:53	18944
2016-04-27 23:39:11	Post-Build - Record Assembly Info	C:\Users\DAVE\Documents\Visual Studio 2013\Projects\WizardWrx_Libs\BitMath\BitMath\bin\Debug\WizardWrx.BitMath.dll	BitMath for .NET 2.0 and Above	BitMath	4.0.53.40775	2016-04-27 23:39:10	2016-04-28 04:39:10	18944
2016-04-27 23:41:57	Post-Build - Record Assembly Info	C:\Users\DAVE\Documents\Visual Studio 2013\Projects\WizardWrx_Libs\BitMath\BitMath\bin\Debug\WizardWrx.BitMath.dll	BitMath for .NET 2.0 and Above	BitMath	4.0.54.40858	2016-04-27 23:41:57	2016-04-28 04:41:57	18944
2016-04-28 00:21:35	Post-Build - Record Assembly Info	C:\Users\DAVE\Documents\Visual Studio 2013\Projects\WizardWrx_Libs\BitMath\BitMath\bin\Debug\WizardWrx.BitMath.dll	BitMath for .NET 2.0 and Above	BitMath	4.0.55.42047	2016-04-28 00:21:35	2016-04-28 05:21:35	18944
2016-04-28 00:24:18	Post-Build - Record Assembly Info	C:\Users\DAVE\Documents\Visual Studio 2013\Projects\WizardWrx_Libs\BitMath\BitMath\bin\Debug\WizardWrx.BitMath.dll	BitMath for .NET 2.0 and Above	BitMath	4.0.56.42128	2016-04-28 00:24:17	2016-04-28 05:24:17	18944
2016-04-28 00:26:06	Post-Build - Record Assembly Info	C:\Users\DAVE\Documents\Visual Studio 2013\Projects\WizardWrx_Libs\BitMath\BitMath\bin\Debug\WizardWrx.BitMath.dll	BitMath for .NET 2.0 and Above	BitMath	4.0.57.42183	2016-04-28 00:26:06	2016-04-28 05:26:06	18944
2016-04-28 00:37:10	Post-Build - Record Assembly Info	C:\Users\DAVE\Documents\Visual Studio 2013\Projects\WizardWrx_Libs\BitMath\BitMath\bin\Debug\WizardWrx.BitMath.dll	BitMath for .NET 2.0 and Above	BitMath	4.0.59.42515	2016-04-28 00:37:10	2016-04-28 05:37:10	18944
2016-04-28 00:39:26	Post-Build - Record Assembly Info	C:\Users\DAVE\Documents\Visual Studio 2013\Projects\WizardWrx_Libs\BitMath\BitMath\bin\Debug\WizardWrx.BitMath.dll	BitMath for .NET 2.0 and Above	BitMath	4.0.60.42583	2016-04-28 00:39:26	2016-04-28 05:39:26	18944
2016-04-28 01:26:34	Post-Build - Record Assembly Info	C:\Users\DAVE\Documents\Visual Studio 2013\Projects\WizardWrx_Libs\BitMath\BitMath\bin\Debug\WizardWrx.BitMath.dll	BitMath for .NET 2.0 and Above	BitMath	4.0.61.797	2016-04-28 01:26:34	2016-04-28 06:26:34	18944
2016-04-28 03:11:13	Post-Build - Record Assembly Info	C:\Users\DAVE\Documents\Visual Studio 2013\Projects\WizardWrx_Libs\BitMath\BitMath\bin\Debug\WizardWrx.BitMath.dll	BitMath for .NET 2.0 and Above	BitMath	4.0.62.3936	2016-04-28 03:11:13	2016-04-28 08:11:13	20992
2016-04-28 12:41:31	Post-Build - Record Assembly Info	C:\Users\DAVE\Documents\Visual Studio 2013\Projects\WizardWrx_Libs\BitMath\BitMath\bin\Debug\WizardWrx.BitMath.dll	BitMath for .NET 2.0 and Above	BitMath	4.0.63.21045	2016-04-28 12:41:31	2016-04-28 17:41:31	21504
2016-04-28 13:28:00	Post-Build - Record Assembly Info	C:\Users\DAVE\Documents\Visual Studio 2013\Projects\WizardWrx_Libs\BitMath\BitMath\bin\Debug\WizardWrx.BitMath.dll	BitMath for .NET 2.0 and Above	BitMath	4.0.64.22440	2016-04-28 13:28:00	2016-04-28 18:28:00	21504
2016-04-28 13:32:25	Post-Build - Record Assembly Info	C:\Users\DAVE\Documents\Visual Studio 2013\Projects\WizardWrx_Libs\BitMath\BitMath\bin\Debug\WizardWrx.BitMath.dll	BitMath for .NET 2.0 and Above	BitMath	4.0.65.22572	2016-04-28 13:32:25	2016-04-28 18:32:25	21504
2016-04-28 14:07:05	Post-Build - Record Assembly Info	C:\Users\DAVE\Documents\Visual Studio 2013\Projects\WizardWrx_Libs\BitMath\BitMath\bin\Debug\WizardWrx.BitMath.dll	BitMath for .NET 2.0 and Above	BitMath	4.0.66.23612	2016-04-28 14:07:05	2016-04-28 19:07:05	21504
2016-04-29 00:13:16	Post-Build - Record Assembly Info	C:\Users\DAVE\Documents\Visual Studio 2013\Projects\WizardWrx_Libs\BitMath\BitMath\bin\Debug\WizardWrx.BitMath.dll	BitMath for .NET 2.0 and Above	BitMath	4.0.67.41797	2016-04-29 00:13:16	2016-04-29 05:13:16	20992
2016-04-29 02:14:09	Post-Build - Record Assembly Info	C:\Users\DAVE\Documents\Visual Studio 2013\Projects\WizardWrx_Libs\BitMath\BitMath\bin\Debug\WizardWrx.BitMath.dll	BitMath for .NET 2.0 and Above	BitMath	4.0.72.2224	2016-04-29 02:14:08	2016-04-29 07:14:08	21504
2016-04-29 02:26:47	Post-Build - Record Assembly Info	C:\Users\DAVE\Documents\Visual Studio 2013\Projects\WizardWrx_Libs\BitMath\BitMath\bin\Debug\WizardWrx.BitMath.dll	BitMath for .NET 2.0 and Above	BitMath	4.0.73.2603	2016-04-29 02:26:46	2016-04-29 07:26:46	21504
2016-04-29 10:05:18	Post-Build - Record Assembly Info	C:\Users\DAVE\Documents\Visual Studio 2013\Projects\WizardWrx_Libs\BitMath\BitMath\bin\Debug\WizardWrx.BitMath.dll	BitMath for .NET 2.0 and Above	BitMath	4.0.74.16359	2016-04-29 10:05:18	2016-04-29 15:05:18	20992
2016-04-29 10:57:12	Post-Build - Record Assembly Info	C:\Users\DAVE\Documents\Visual Studio 2013\Projects\WizardWrx_Libs\BitMath\BitMath\bin\Debug\WizardWrx.BitMath.dll	BitMath for .NET 2.0 and Above	BitMath	4.0.75.17916	2016-04-29 10:57:12	2016-04-29 15:57:12	21504
2016-04-29 11:24:18	Post-Build - Record Assembly Info	C:\Users\DAVE\Documents\Visual Studio 2013\Projects\WizardWrx_Libs\BitMath\BitMath\bin\Debug\WizardWrx.BitMath.dll	BitMath for .NET 2.0 and Above	BitMath	4.0.76.18728	2016-04-29 11:24:17	2016-04-29 16:24:17	21504
2016-04-29 11:32:11	Post-Build - Record Assembly Info	C:\Users\DAVE\Documents\Visual Studio 2013\Projects\WizardWrx_Libs\BitMath\BitMath\bin\Debug\WizardWrx.BitMath.dll	BitMath for .NET 2.0 and Above	BitMath	4.0.77.18965	2016-04-29 11:32:11	2016-04-29 16:32:11	21504
2016-04-29 11:52:15	Post-Build - Record Assembly Info	C:\Users\DAVE\Documents\Visual Studio 2013\Projects\WizardWrx_Libs\BitMath\BitMath\bin\Debug\WizardWrx.BitMath.dll	BitMath for .NET 2.0 and Above	BitMath	4.0.78.19567	2016-04-29 11:52:15	2016-04-29 16:52:15	20992
2016-04-29 13:55:16	Post-Build - Record Assembly Info	C:\Users\DAVE\Documents\Visual Studio 2013\Projects\WizardWrx_Libs\BitMath\BitMath\bin\Debug\WizardWrx.BitMath.dll	BitMath for .NET 2.0 and Above	BitMath	4.0.79.23257	2016-04-29 13:55:15	2016-04-29 18:55:15	21504
2016-04-29 14:27:55	Post-Build - Record Assembly Info	C:\Users\DAVE\Documents\Visual Studio 2013\Projects\WizardWrx_Libs\BitMath\BitMath\bin\Debug\WizardWrx.BitMath.dll	BitMath for .NET 2.0 and Above	BitMath	4.0.80.24237	2016-04-29 14:27:55	2016-04-29 19:27:55	22016
2016-04-29 14:29:18	Post-Build - Record Assembly Info	C:\Users\DAVE\Documents\Visual Studio 2013\Projects\WizardWrx_Libs\BitMath\BitMath\bin\Debug\WizardWrx.BitMath.dll	BitMath for .NET 2.0 and Above	BitMath	4.0.81.24279	2016-04-29 14:29:18	2016-04-29 19:29:18	22016
2016-04-29 14:53:16	Post-Build - Record Assembly Info	C:\Users\DAVE\Documents\Visual Studio 2013\Projects\WizardWrx_Libs\BitMath\BitMath\bin\Debug\WizardWrx.BitMath.dll	BitMath for .NET 2.0 and Above	BitMath	4.0.82.24998	2016-04-29 14:53:16	2016-04-29 19:53:16	22016
2016-04-29 15:15:07	Post-Build - Record Assembly Info	C:\Users\DAVE\Documents\Visual Studio 2013\Projects\WizardWrx_Libs\BitMath\BitMath\bin\Debug\WizardWrx.BitMath.dll	BitMath for .NET 2.0 and Above	BitMath	4.0.83.25653	2016-04-29 15:15:07	2016-04-29 20:15:07	22016
2016-04-29 15:15:22	Post-Build - Record Assembly Info	C:\Users\DAVE\Documents\Visual Studio 2013\Projects\WizardWrx_Libs\BitMath\BitMath\bin\Debug\WizardWrx.BitMath.dll	BitMath for .NET 2.0 and Above	BitMath	4.0.84.25661	2016-04-29 15:15:22	2016-04-29 20:15:22	22016
2016-04-29 15:25:20	Post-Build - Record Assembly Info	C:\Users\DAVE\Documents\Visual Studio 2013\Projects\WizardWrx_Libs\BitMath\BitMath\bin\Debug\WizardWrx.BitMath.dll	BitMath for .NET 2.0 and Above	BitMath	4.0.85.25959	2016-04-29 15:25:19	2016-04-29 20:25:19	22016
2016-04-29 15:26:34	Post-Build - Record Assembly Info	C:\Users\DAVE\Documents\Visual Studio 2013\Projects\WizardWrx_Libs\BitMath\BitMath\bin\Debug\WizardWrx.BitMath.dll	BitMath for .NET 2.0 and Above	BitMath	4.0.86.25997	2016-04-29 15:26:34	2016-04-29 20:26:34	22016
2016-04-29 15:45:08	Post-Build - Record Assembly Info	C:\Users\DAVE\Documents\Visual Studio 2013\Projects\WizardWrx_Libs\BitMath\BitMath\bin\Debug\WizardWrx.BitMath.dll	BitMath for .NET 2.0 and Above	BitMath	4.0.87.26553	2016-04-29 15:45:07	2016-04-29 20:45:07	22016
2016-04-29 16:04:44	Post-Build - Record Assembly Info	C:\Users\DAVE\Documents\Visual Studio 2013\Projects\WizardWrx_Libs\BitMath\BitMath\bin\Debug\WizardWrx.BitMath.dll	BitMath for .NET 2.0 and Above	BitMath	4.0.88.27142	2016-04-29 16:04:44	2016-04-29 21:04:44	22528
2016-04-29 16:23:29	Post-Build - Record Assembly Info	C:\Users\DAVE\Documents\Visual Studio 2013\Projects\WizardWrx_Libs\BitMath\BitMath\bin\Debug\WizardWrx.BitMath.dll	BitMath for .NET 2.0 and Above	BitMath	4.0.89.27704	2016-04-29 16:23:29	2016-04-29 21:23:29	22528
2016-04-29 19:08:08	Post-Build - Record Assembly Info	C:\Users\DAVE\Documents\Visual Studio 2013\Projects\WizardWrx_Libs\BitMath\BitMath\bin\Debug\WizardWrx.BitMath.dll	BitMath for .NET 2.0 and Above	BitMath	4.0.90.32643	2016-04-29 19:08:08	2016-04-30 00:08:08	23040
2016-04-29 19:28:16	Post-Build - Record Assembly Info	C:\Users\DAVE\Documents\Visual Studio 2013\Projects\WizardWrx_Libs\BitMath\BitMath\bin\Debug\WizardWrx.BitMath.dll	BitMath for .NET 2.0 and Above	BitMath	4.0.91.33248	2016-04-29 19:28:16	2016-04-30 00:28:16	23040
2016-04-29 19:36:50	Post-Build - Record Assembly Info	C:\Users\DAVE\Documents\Visual Studio 2013\Projects\WizardWrx_Libs\BitMath\BitMath\bin\Debug\WizardWrx.BitMath.dll	BitMath for .NET 2.0 and Above	BitMath	4.0.92.33504	2016-04-29 19:36:50	2016-04-30 00:36:50	23040
2016-04-29 19:48:22	Post-Build - Record Assembly Info	C:\Users\DAVE\Documents\Visual Studio 2013\Projects\WizardWrx_Libs\BitMath\BitMath\bin\Debug\WizardWrx.BitMath.dll	BitMath for .NET 2.0 and Above	BitMath	4.0.93.33850	2016-04-29 19:48:22	2016-04-30 00:48:22	23040
2016-04-29 20:42:25	Post-Build - Record Assembly Info	C:\Users\DAVE\Documents\Visual Studio 2013\Projects\WizardWrx_Libs\BitMath\BitMath\bin\Debug\WizardWrx.BitMath.dll	BitMath for .NET 2.0 and Above	BitMath	4.0.94.35472	2016-04-29 20:42:25	2016-04-30 01:42:25	23040
2016-04-29 21:10:19	Post-Build - Record Assembly Info	C:\Users\DAVE\Documents\Visual Studio 2013\Projects\WizardWrx_Libs\BitMath\BitMath\bin\Debug\WizardWrx.BitMath.dll	BitMath for .NET 2.0 and Above	BitMath	4.0.95.36309	2016-04-29 21:10:19	2016-04-30 02:10:19	23040
2016-04-29 22:28:42	Post-Build - Record Assembly Info	C:\Users\DAVE\Documents\Visual Studio 2013\Projects\WizardWrx_Libs\BitMath\BitMath\bin\Debug\WizardWrx.BitMath.dll	BitMath for .NET 2.0 and Above	BitMath	4.0.96.38661	2016-04-29 22:28:42	2016-04-30 03:28:42	23040
2016-04-29 22:37:43	Post-Build - Record Assembly Info	C:\Users\DAVE\Documents\Visual Studio 2013\Projects\WizardWrx_Libs\BitMath\BitMath\bin\Debug\WizardWrx.BitMath.dll	BitMath for .NET 2.0 and Above	BitMath	4.0.97.38931	2016-04-29 22:37:43	2016-04-30 03:37:43	23040
2016-04-29 23:13:52	Post-Build - Record Assembly Info	C:\Users\DAVE\Documents\Visual Studio 2013\Projects\WizardWrx_Libs\BitMath\BitMath\bin\Debug\WizardWrx.BitMath.dll	BitMath for .NET 2.0 and Above	BitMath	4.0.98.40016	2016-04-29 23:13:52	2016-04-30 04:13:52	23552
2016-04-29 23:19:36	Post-Build - Record Assembly Info	C:\Users\DAVE\Documents\Visual Studio 2013\Projects\WizardWrx_Libs\BitMath\BitMath\bin\Release\WizardWrx.BitMath.dll	BitMath for .NET 2.0 and Above	BitMath	4.0.99.40188	2016-04-29 23:19:36	2016-04-30 04:19:36	22528
2016-04-30 13:25:41	Post-Build - Record Assembly Info	C:\Users\DAVE\Documents\Visual Studio 2013\Projects\WizardWrx_Libs\BitMath\BitMath\bin\Release\WizardWrx.BitMath.dll	BitMath for .NET 2.0 and Above	BitMath	4.1.100.22370	2016-04-30 13:25:40	2016-04-30 18:25:40	22528
2016-05-01 03:45:16	Post-Build - Record Assembly Info	C:\Users\DAVE\Documents\Visual Studio 2013\Projects\WizardWrx_Libs\BitMath\BitMath\bin\Release\WizardWrx.BitMath.dll	BitMath for .NET 2.0 and Above	BitMath	4.2.101.4957	2016-05-01 03:45:15	2016-05-01 08:45:15	24064
2016-05-01 04:00:16	Post-Build - Record Assembly Info	C:\Users\DAVE\Documents\Visual Studio 2013\Projects\WizardWrx_Libs\BitMath\BitMath\bin\Debug\WizardWrx.BitMath.dll	BitMath for .NET 2.0 and Above	BitMath	4.2.102.5408	2016-05-01 04:00:16	2016-05-01 09:00:16	25088
2016-05-01 17:19:29	Post-Build - Record Assembly Info	C:\Users\DAVE\Documents\Visual Studio 2013\Projects\WizardWrx_Libs\BitMath\BitMath\bin\Debug\WizardWrx.BitMath.dll	BitMath for .NET 2.0 and Above	BitMath	4.2.103.29384	2016-05-01 17:19:29	2016-05-01 22:19:29	25088
2016-05-01 18:07:34	Post-Build - Record Assembly Info	C:\Users\DAVE\Documents\Visual Studio 2013\Projects\WizardWrx_Libs\BitMath\BitMath\bin\Debug\WizardWrx.BitMath.dll	BitMath for .NET 2.0 and Above	BitMath	4.2.104.30826	2016-05-01 18:07:33	2016-05-01 23:07:33	25088
2016-05-01 20:10:04	Post-Build - Record Assembly Info	C:\Users\DAVE\Documents\Visual Studio 2013\Projects\WizardWrx_Libs\BitMath\BitMath\bin\Debug\WizardWrx.BitMath.dll	BitMath for .NET 2.0 and Above	BitMath	4.2.105.34502	2016-05-01 20:10:04	2016-05-02 01:10:04	25088
2016-05-01 20:52:40	Post-Build - Record Assembly Info	C:\Users\DAVE\Documents\Visual Studio 2013\Projects\WizardWrx_Libs\BitMath\BitMath\bin\Debug\WizardWrx.BitMath.dll	BitMath for .NET 2.0 and Above	BitMath	4.2.106.35780	2016-05-01 20:52:40	2016-05-02 01:52:40	25088
2016-05-01 20:56:39	Post-Build - Record Assembly Info	C:\Users\DAVE\Documents\Visual Studio 2013\Projects\WizardWrx_Libs\BitMath\BitMath\bin\Debug\WizardWrx.BitMath.dll	BitMath for .NET 2.0 and Above	BitMath	4.2.107.35899	2016-05-01 20:56:39	2016-05-02 01:56:39	25088
2016-05-01 20:57:59	Post-Build - Record Assembly Info	C:\Users\DAVE\Documents\Visual Studio 2013\Projects\WizardWrx_Libs\BitMath\BitMath\bin\Debug\WizardWrx.BitMath.dll	BitMath for .NET 2.0 and Above	BitMath	4.2.108.35939	2016-05-01 20:57:59	2016-05-02 01:57:59	25088
2016-05-02 01:23:10	Post-Build - Record Assembly Info	C:\Users\DAVE\Documents\Visual Studio 2013\Projects\WizardWrx_Libs\BitMath\BitMath\bin\Debug\WizardWrx.BitMath.dll	BitMath for .NET 2.0 and Above	BitMath	4.2.109.694	2016-05-02 01:23:10	2016-05-02 06:23:10	25088
2016-05-02 01:39:36	Post-Build - Record Assembly Info	C:\Users\DAVE\Documents\Visual Studio 2013\Projects\WizardWrx_Libs\BitMath\BitMath\bin\Debug\WizardWrx.BitMath.dll	BitMath for .NET 2.0 and Above	BitMath	4.2.110.1188	2016-05-02 01:39:36	2016-05-02 06:39:36	25088
2016-05-02 03:05:31	Post-Build - Record Assembly Info	C:\Users\DAVE\Documents\Visual Studio 2013\Projects\WizardWrx_Libs\BitMath\BitMath\bin\Debug\WizardWrx.BitMath.dll	BitMath for .NET 2.0 and Above	BitMath	4.2.111.3765	2016-05-02 03:05:31	2016-05-02 08:05:31	25600
2016-05-02 13:00:09	Post-Build - Record Assembly Info	C:\Users\DAVE\Documents\Visual Studio 2013\Projects\WizardWrx_Libs\BitMath\BitMath\bin\Debug\WizardWrx.BitMath.dll	BitMath for .NET 2.0 and Above	BitMath	4.2.112.21604	2016-05-02 13:00:08	2016-05-02 18:00:08	25600
2016-05-02 13:27:45	Post-Build - Record Assembly Info	C:\Users\DAVE\Documents\Visual Studio 2013\Projects\WizardWrx_Libs\BitMath\BitMath\bin\Debug\WizardWrx.BitMath.dll	BitMath for .NET 2.0 and Above	BitMath	4.2.113.22432	2016-05-02 13:27:45	2016-05-02 18:27:45	25600
2016-05-02 17:14:02	Post-Build - Record Assembly Info	C:\Users\DAVE\Documents\Visual Studio 2013\Projects\WizardWrx_Libs\BitMath\BitMath\bin\Debug\WizardWrx.BitMath.dll	BitMath for .NET 2.0 and Above	BitMath	4.2.114.29220	2016-05-02 17:14:02	2016-05-02 22:14:02	25600
2016-05-02 17:33:08	Post-Build - Record Assembly Info	C:\Users\DAVE\Documents\Visual Studio 2013\Projects\WizardWrx_Libs\BitMath\BitMath\bin\Debug\WizardWrx.BitMath.dll	BitMath for .NET 2.0 and Above	BitMath	4.2.115.29793	2016-05-02 17:33:08	2016-05-02 22:33:08	25600
2016-05-02 17:35:44	Post-Build - Record Assembly Info	C:\Users\DAVE\Documents\Visual Studio 2013\Projects\WizardWrx_Libs\BitMath\BitMath\bin\Debug\WizardWrx.BitMath.dll	BitMath for .NET 2.0 and Above	BitMath	4.2.116.29871	2016-05-02 17:35:44	2016-05-02 22:35:44	25600
2016-05-02 21:42:14	Post-Build - Record Assembly Info	C:\Users\DAVE\Documents\Visual Studio 2013\Projects\WizardWrx_Libs\BitMath\BitMath\bin\Debug\WizardWrx.BitMath.dll	BitMath for .NET 2.0 and Above	BitMath	4.2.117.37267	2016-05-02 21:42:14	2016-05-03 02:42:14	28160
2016-05-02 21:47:27	Post-Build - Record Assembly Info	C:\Users\DAVE\Documents\Visual Studio 2013\Projects\WizardWrx_Libs\BitMath\BitMath\bin\Debug\WizardWrx.BitMath.dll	BitMath for .NET 2.0 and Above	BitMath	4.2.118.37423	2016-05-02 21:47:27	2016-05-03 02:47:27	28160
2016-05-03 19:18:26	Post-Build - Record Assembly Info	C:\Users\DAVE\Documents\Visual Studio 2013\Projects\WizardWrx_Libs\BitMath\BitMath\bin\Debug\WizardWrx.BitMath.dll	BitMath for .NET 2.0 and Above	BitMath	4.2.119.32953	2016-05-03 19:18:26	2016-05-04 00:18:26	28160
2016-05-03 19:48:21	Post-Build - Record Assembly Info	C:\Users\DAVE\Documents\Visual Studio 2013\Projects\WizardWrx_Libs\BitMath\BitMath\bin\Debug\WizardWrx.BitMath.dll	BitMath for .NET 2.0 and Above	BitMath	4.2.120.33850	2016-05-03 19:48:21	2016-05-04 00:48:21	28160
2016-05-03 20:07:54	Post-Build - Record Assembly Info	C:\Users\DAVE\Documents\Visual Studio 2013\Projects\WizardWrx_Libs\BitMath\BitMath\bin\Release\WizardWrx.BitMath.dll	BitMath for .NET 2.0 and Above	BitMath	4.2.121.34437	2016-05-03 20:07:54	2016-05-04 01:07:54	26624
2016-05-04 14:52:53	Post-Build - Record Assembly Info	C:\Users\DAVE\Documents\Visual Studio 2013\Projects\WizardWrx_Libs\BitMath\BitMath\bin\Release\WizardWrx.BitMath.dll	BitMath for .NET 2.0 and Above	BitMath	4.3.123.24986	2016-05-04 14:52:52	2016-05-04 19:52:52	26624
2016-05-04 16:34:26	Post-Build - Record Assembly Info	C:\Users\DAVE\Documents\Visual Studio 2013\Projects\WizardWrx_Libs\BitMath\BitMath\bin\Debug\WizardWrx.BitMath.dll	BitMath for .NET 2.0 and Above	BitMath	4.3.124.28032	2016-05-04 16:34:25	2016-05-04 21:34:25	28160
2016-05-04 17:14:57	Post-Build - Record Assembly Info	C:\Users\DAVE\Documents\Visual Studio 2013\Projects\WizardWrx_Libs\BitMath\BitMath\bin\Release\WizardWrx.BitMath.dll	BitMath for .NET 2.0 and Above	BitMath	4.3.125.29248	2016-05-04 17:14:57	2016-05-04 22:14:57	26624
